<?xml version="1.0" encoding="UTF-8"?>
<testsuite name="app.service.ProductServiceTest" tests="8" skipped="0" failures="0" errors="0" timestamp="2024-11-06T14:27:22" hostname="192.168.1.6" time="0.732">
  <properties/>
  <testcase name="testUpdateProduct_Success()" classname="app.service.ProductServiceTest" time="0.704"/>
  <testcase name="testCreateProduct()" classname="app.service.ProductServiceTest" time="0.009"/>
  <testcase name="testGetProductById_NotFound()" classname="app.service.ProductServiceTest" time="0.002"/>
  <testcase name="testDeleteProduct_NotFound()" classname="app.service.ProductServiceTest" time="0.002"/>
  <testcase name="testUpdateProduct_NotFound()" classname="app.service.ProductServiceTest" time="0.002"/>
  <testcase name="testGetProductById_Found()" classname="app.service.ProductServiceTest" time="0.001"/>
  <testcase name="testGetAllProducts()" classname="app.service.ProductServiceTest" time="0.004"/>
  <testcase name="testDeleteProduct_Success()" classname="app.service.ProductServiceTest" time="0.002"/>
  <system-out><![CDATA[]]></system-out>
  <system-err><![CDATA[WARNING: A Java agent has been loaded dynamically (/Users/bojana/.gradle/caches/modules-2/files-2.1/net.bytebuddy/byte-buddy-agent/1.14.19/154da3a65b4f4a909d3e5bdec55d1b2b4cbb6ce1/byte-buddy-agent-1.14.19.jar)
WARNING: If a serviceability tool is in use, please run with -XX:+EnableDynamicAgentLoading to hide this warning
WARNING: If a serviceability tool is not in use, please run with -Djdk.instrument.traceUsage for more information
WARNING: Dynamic loading of agents will be disallowed by default in a future release
]]></system-err>
</testsuite>
